<?xml version="1.0" encoding="UTF-8"?>
<!-- Generated by org.testng.reporters.JUnitReportReporter -->
<testsuite skipped="0" hostname="Bansal" name="test.LoginTest" tests="1" failures="0" timestamp="07 Dec 2019 19:12:00 GMT" time="10.663" errors="0">
  <testcase name="LoginTest1_Test" time="10.663" classname="test.LoginTest"/>
</testsuite> <!-- test.LoginTest -->
